#
# There is insufficient memory for the Java Runtime Environment to continue.
# Native memory allocation (malloc) failed to allocate 131088 bytes for Chunk::new
# Possible reasons:
#   The system is out of physical RAM or swap space
#   The process is running with CompressedOops enabled, and the Java Heap may be blocking the growth of the native heap
# Possible solutions:
#   Reduce memory load on the system
#   Increase physical memory or swap space
#   Check if swap backing store is full
#   Decrease Java heap size (-Xmx/-Xms)
#   Decrease number of Java threads
#   Decrease Java thread stack sizes (-Xss)
#   Set larger code cache with -XX:ReservedCodeCacheSize=
#   JVM is running with Unscaled Compressed Oops mode in which the Java heap is
#     placed in the first 4GB address space. The Java Heap base address is the
#     maximum limit for the native heap growth. Please use -XX:HeapBaseMinAddress
#     to set the Java Heap base and to place the Java Heap above 4GB virtual address.
# This output file may be truncated or incomplete.
#
#  Out of Memory Error (arena.cpp:168), pid=7884, tid=16332
#
# JRE version: Java(TM) SE Runtime Environment (21.0.7+8) (build 21.0.7+8-LTS-245)
# Java VM: Java HotSpot(TM) 64-Bit Server VM (21.0.7+8-LTS-245, mixed mode, sharing, tiered, compressed oops, compressed class ptrs, g1 gc, windows-amd64)
# No core dump will be written. Minidumps are not enabled by default on client versions of Windows
#

---------------  S U M M A R Y ------------

Command Line: -Dorg.gradle.appname=gradlew org.gradle.wrapper.GradleWrapperMain :image_picker_android:dependencies --write-locks

Host: 11th Gen Intel(R) Core(TM) i3-1115G4 @ 3.00GHz, 4 cores, 7G,  Windows 11 , 64 bit Build 26100 (10.0.26100.7920)
Time: Sun Mar 15 13:16:55 2026 India Standard Time elapsed time: 10.060692 seconds (0d 0h 0m 10s)

---------------  T H R E A D  ---------------

Current thread (0x000002de756c1e60):  JavaThread "C2 CompilerThread0" daemon [_thread_in_native, id=16332, stack(0x000000e67b400000,0x000000e67b500000) (1024K)]


Current CompileTask:
C2:  10060 1847       4       org.gradle.internal.logging.text.AbstractLineChoppingStyledTextOutput::doAppend (43 bytes)

Stack: [0x000000e67b400000,0x000000e67b500000]
Native frames: (J=compiled Java code, j=interpreted, Vv=VM code, C=native code)
V  [jvm.dll+0x6cae19]
V  [jvm.dll+0x855741]
V  [jvm.dll+0x857c6e]
V  [jvm.dll+0x858343]
V  [jvm.dll+0x27e0b6]
V  [jvm.dll+0xc4ecd]
V  [jvm.dll+0xc5403]
V  [jvm.dll+0xc4ff5]
V  [jvm.dll+0x6a7e1c]
V  [jvm.dll+0x24e279]
V  [jvm.dll+0x6f0497]
V  [jvm.dll+0x245e2f]
V  [jvm.dll+0x1c6efe]
V  [jvm.dll+0x255819]
V  [jvm.dll+0x253daa]
V  [jvm.dll+0x3eebb6]
V  [jvm.dll+0x7ffa1b]
V  [jvm.dll+0x6c94fd]
C  [ucrtbase.dll+0x37b0]
C  [KERNEL32.DLL+0x2e8d7]
C  [ntdll.dll+0x8c48c]


---------------  P R O C E S S  ---------------

Threads class SMR info:
_java_thread_list=0x000002de7ad33cc0, length=13, elements={
0x000002de574a4070, 0x000002de756b8ba0, 0x000002de756b95f0, 0x000002de756bb9f0,
0x000002de756bc530, 0x000002de756be0c0, 0x000002de756c0d80, 0x000002de756c1e60,
0x000002de756c6910, 0x000002de7592ebc0, 0x000002de7593f640, 0x000002de7a94eeb0,
0x000002de7a2990c0
}

Java Threads: ( => current thread )
  0x000002de574a4070 JavaThread "main"                              [_thread_blocked, id=15712, stack(0x000000e67a500000,0x000000e67a600000) (1024K)]
  0x000002de756b8ba0 JavaThread "Reference Handler"          daemon [_thread_blocked, id=11568, stack(0x000000e67ae00000,0x000000e67af00000) (1024K)]
  0x000002de756b95f0 JavaThread "Finalizer"                  daemon [_thread_blocked, id=404, stack(0x000000e67af00000,0x000000e67b000000) (1024K)]
  0x000002de756bb9f0 JavaThread "Signal Dispatcher"          daemon [_thread_blocked, id=16556, stack(0x000000e67b000000,0x000000e67b100000) (1024K)]
  0x000002de756bc530 JavaThread "Attach Listener"            daemon [_thread_blocked, id=12076, stack(0x000000e67b100000,0x000000e67b200000) (1024K)]
  0x000002de756be0c0 JavaThread "Service Thread"             daemon [_thread_blocked, id=8272, stack(0x000000e67b200000,0x000000e67b300000) (1024K)]
  0x000002de756c0d80 JavaThread "Monitor Deflation Thread"   daemon [_thread_blocked, id=8260, stack(0x000000e67b300000,0x000000e67b400000) (1024K)]
=>0x000002de756c1e60 JavaThread "C2 CompilerThread0"         daemon [_thread_in_native, id=16332, stack(0x000000e67b400000,0x000000e67b500000) (1024K)]
  0x000002de756c6910 JavaThread "C1 CompilerThread0"         daemon [_thread_blocked, id=6236, stack(0x000000e67b500000,0x000000e67b600000) (1024K)]
  0x000002de7592ebc0 JavaThread "Notification Thread"        daemon [_thread_blocked, id=17980, stack(0x000000e67b600000,0x000000e67b700000) (1024K)]
  0x000002de7593f640 JavaThread "Common-Cleaner"             daemon [_thread_blocked, id=6712, stack(0x000000e67b700000,0x000000e67b800000) (1024K)]
  0x000002de7a94eeb0 JavaThread "pool-1-thread-1"                   [_thread_in_native, id=15656, stack(0x000000e67bb00000,0x000000e67bc00000) (1024K)]
  0x000002de7a2990c0 JavaThread "C2 CompilerThread1"         daemon [_thread_in_native, id=15172, stack(0x000000e67bd00000,0x000000e67be00000) (1024K)]
Total: 13

Other Threads:
  0x000002de75697820 VMThread "VM Thread"                           [id=7192, stack(0x000000e67ad00000,0x000000e67ae00000) (1024K)]
  0x000002de75686bd0 WatcherThread "VM Periodic Task Thread"        [id=4572, stack(0x000000e67ac00000,0x000000e67ad00000) (1024K)]
  0x000002de5773abd0 WorkerThread "GC Thread#0"                     [id=7764, stack(0x000000e67a700000,0x000000e67a800000) (1024K)]
  0x000002de75bdbb70 WorkerThread "GC Thread#1"                     [id=8220, stack(0x000000e67b800000,0x000000e67b900000) (1024K)]
  0x000002de75b528f0 WorkerThread "GC Thread#2"                     [id=17040, stack(0x000000e67b900000,0x000000e67ba00000) (1024K)]
  0x000002de7a05f110 WorkerThread "GC Thread#3"                     [id=13820, stack(0x000000e67ba00000,0x000000e67bb00000) (1024K)]
  0x000002de5774bb40 ConcurrentGCThread "G1 Main Marker"            [id=12408, stack(0x000000e67a800000,0x000000e67a900000) (1024K)]
  0x000002de5774c640 WorkerThread "G1 Conc#0"                       [id=6852, stack(0x000000e67a900000,0x000000e67aa00000) (1024K)]
  0x000002de577aea90 ConcurrentGCThread "G1 Refine#0"               [id=9764, stack(0x000000e67aa00000,0x000000e67ab00000) (1024K)]
  0x000002de75550630 ConcurrentGCThread "G1 Service"                [id=6596, stack(0x000000e67ab00000,0x000000e67ac00000) (1024K)]
Total: 10

Threads with active compile tasks:
C2 CompilerThread0    10094 1847       4       org.gradle.internal.logging.text.AbstractLineChoppingStyledTextOutput::doAppend (43 bytes)
C2 CompilerThread1    10094 1834       4       org.gradle.internal.logging.text.AbstractLineChoppingStyledTextOutput$StateContext::flushLineText (113 bytes)
Total: 2

VM state: not at safepoint (normal execution)

VM Mutex/Monitor currently owned by a thread: None

Heap address: 0x0000000084400000, size: 1980 MB, Compressed Oops mode: 32-bit

CDS archive(s) mapped at: [0x000002de00000000-0x000002de00c90000-0x000002de00c90000), size 13172736, SharedBaseAddress: 0x000002de00000000, ArchiveRelocationMode: 1.
Compressed class space mapped at: 0x000002de01000000-0x000002de41000000, reserved size: 1073741824
Narrow klass base: 0x000002de00000000, Narrow klass shift: 0, Narrow klass range: 0x100000000

GC Precious Log:
 CardTable entry size: 512
 Card Set container configuration: InlinePtr #cards 5 size 8 Array Of Cards #cards 12 size 40 Howl #buckets 4 coarsen threshold 1843 Howl Bitmap #cards 512 size 80 coarsen threshold 460 Card regions per heap region 1 cards per card region 2048
 CPUs: 4 total, 4 available
 Memory: 7914M
 Large Page Support: Disabled
 NUMA Support: Disabled
 Compressed Oops: Enabled (32-bit)
 Heap Region Size: 1M
 Heap Min Capacity: 8M
 Heap Initial Capacity: 124M
 Heap Max Capacity: 1980M
 Pre-touch: Disabled
 Parallel Workers: 4
 Concurrent Workers: 1
 Concurrent Refinement Workers: 4
 Periodic GC: Disabled

Heap:
 garbage-first heap   total 126976K, used 30558K [0x0000000084400000, 0x0000000100000000)
  region size 1024K, 24 young (24576K), 4 survivors (4096K)
 Metaspace       used 9945K, committed 10304K, reserved 1114112K
  class space    used 1279K, committed 1472K, reserved 1048576K

Heap Regions: E=young(eden), S=young(survivor), O=old, HS=humongous(starts), HC=humongous(continues), CS=collection set, F=free, TAMS=top-at-mark-start, PB=parsable bottom
|   0|0x0000000084400000, 0x0000000084500000, 0x0000000084500000|100%|HS|  |TAMS 0x0000000084400000| PB 0x0000000084400000| Complete 
|   1|0x0000000084500000, 0x0000000084600000, 0x0000000084600000|100%|HC|  |TAMS 0x0000000084500000| PB 0x0000000084500000| Complete 
|   2|0x0000000084600000, 0x0000000084700000, 0x0000000084700000|100%|HC|  |TAMS 0x0000000084600000| PB 0x0000000084600000| Complete 
|   3|0x0000000084700000, 0x0000000084800000, 0x0000000084800000|100%|HC|  |TAMS 0x0000000084700000| PB 0x0000000084700000| Complete 
|   4|0x0000000084800000, 0x0000000084900000, 0x0000000084900000|100%| O|  |TAMS 0x0000000084800000| PB 0x0000000084800000| Untracked 
|   5|0x0000000084900000, 0x0000000084a00000, 0x0000000084a00000|100%| O|  |TAMS 0x0000000084900000| PB 0x0000000084900000| Untracked 
|   6|0x0000000084a00000, 0x0000000084ad78f8, 0x0000000084b00000| 84%| O|  |TAMS 0x0000000084a00000| PB 0x0000000084a00000| Untracked 
|   7|0x0000000084b00000, 0x0000000084b00000, 0x0000000084c00000|  0%| F|  |TAMS 0x0000000084b00000| PB 0x0000000084b00000| Untracked 
|   8|0x0000000084c00000, 0x0000000084c00000, 0x0000000084d00000|  0%| F|  |TAMS 0x0000000084c00000| PB 0x0000000084c00000| Untracked 
|   9|0x0000000084d00000, 0x0000000084d00000, 0x0000000084e00000|  0%| F|  |TAMS 0x0000000084d00000| PB 0x0000000084d00000| Untracked 
|  10|0x0000000084e00000, 0x0000000084e00000, 0x0000000084f00000|  0%| F|  |TAMS 0x0000000084e00000| PB 0x0000000084e00000| Untracked 
|  11|0x0000000084f00000, 0x0000000084f00000, 0x0000000085000000|  0%| F|  |TAMS 0x0000000084f00000| PB 0x0000000084f00000| Untracked 
|  12|0x0000000085000000, 0x0000000085000000, 0x0000000085100000|  0%| F|  |TAMS 0x0000000085000000| PB 0x0000000085000000| Untracked 
|  13|0x0000000085100000, 0x0000000085100000, 0x0000000085200000|  0%| F|  |TAMS 0x0000000085100000| PB 0x0000000085100000| Untracked 
|  14|0x0000000085200000, 0x0000000085200000, 0x0000000085300000|  0%| F|  |TAMS 0x0000000085200000| PB 0x0000000085200000| Untracked 
|  15|0x0000000085300000, 0x0000000085300000, 0x0000000085400000|  0%| F|  |TAMS 0x0000000085300000| PB 0x0000000085300000| Untracked 
|  16|0x0000000085400000, 0x0000000085400000, 0x0000000085500000|  0%| F|  |TAMS 0x0000000085400000| PB 0x0000000085400000| Untracked 
|  17|0x0000000085500000, 0x0000000085500000, 0x0000000085600000|  0%| F|  |TAMS 0x0000000085500000| PB 0x0000000085500000| Untracked 
|  18|0x0000000085600000, 0x0000000085600000, 0x0000000085700000|  0%| F|  |TAMS 0x0000000085600000| PB 0x0000000085600000| Untracked 
|  19|0x0000000085700000, 0x0000000085700000, 0x0000000085800000|  0%| F|  |TAMS 0x0000000085700000| PB 0x0000000085700000| Untracked 
|  20|0x0000000085800000, 0x0000000085800000, 0x0000000085900000|  0%| F|  |TAMS 0x0000000085800000| PB 0x0000000085800000| Untracked 
|  21|0x0000000085900000, 0x0000000085900000, 0x0000000085a00000|  0%| F|  |TAMS 0x0000000085900000| PB 0x0000000085900000| Untracked 
|  22|0x0000000085a00000, 0x0000000085a00000, 0x0000000085b00000|  0%| F|  |TAMS 0x0000000085a00000| PB 0x0000000085a00000| Untracked 
|  23|0x0000000085b00000, 0x0000000085b00000, 0x0000000085c00000|  0%| F|  |TAMS 0x0000000085b00000| PB 0x0000000085b00000| Untracked 
|  24|0x0000000085c00000, 0x0000000085c00000, 0x0000000085d00000|  0%| F|  |TAMS 0x0000000085c00000| PB 0x0000000085c00000| Untracked 
|  25|0x0000000085d00000, 0x0000000085d00000, 0x0000000085e00000|  0%| F|  |TAMS 0x0000000085d00000| PB 0x0000000085d00000| Untracked 
|  26|0x0000000085e00000, 0x0000000085e00000, 0x0000000085f00000|  0%| F|  |TAMS 0x0000000085e00000| PB 0x0000000085e00000| Untracked 
|  27|0x0000000085f00000, 0x0000000085f00000, 0x0000000086000000|  0%| F|  |TAMS 0x0000000085f00000| PB 0x0000000085f00000| Untracked 
|  28|0x0000000086000000, 0x0000000086000000, 0x0000000086100000|  0%| F|  |TAMS 0x0000000086000000| PB 0x0000000086000000| Untracked 
|  29|0x0000000086100000, 0x0000000086100000, 0x0000000086200000|  0%| F|  |TAMS 0x0000000086100000| PB 0x0000000086100000| Untracked 
|  30|0x0000000086200000, 0x0000000086200000, 0x0000000086300000|  0%| F|  |TAMS 0x0000000086200000| PB 0x0000000086200000| Untracked 
|  31|0x0000000086300000, 0x0000000086300000, 0x0000000086400000|  0%| F|  |TAMS 0x0000000086300000| PB 0x0000000086300000| Untracked 
|  32|0x0000000086400000, 0x0000000086400000, 0x0000000086500000|  0%| F|  |TAMS 0x0000000086400000| PB 0x0000000086400000| Untracked 
|  33|0x0000000086500000, 0x0000000086500000, 0x0000000086600000|  0%| F|  |TAMS 0x0000000086500000| PB 0x0000000086500000| Untracked 
|  34|0x0000000086600000, 0x0000000086600000, 0x0000000086700000|  0%| F|  |TAMS 0x0000000086600000| PB 0x0000000086600000| Untracked 
|  35|0x0000000086700000, 0x0000000086700000, 0x0000000086800000|  0%| F|  |TAMS 0x0000000086700000| PB 0x0000000086700000| Untracked 
|  36|0x0000000086800000, 0x0000000086800000, 0x0000000086900000|  0%| F|  |TAMS 0x0000000086800000| PB 0x0000000086800000| Untracked 
|  37|0x0000000086900000, 0x0000000086900000, 0x0000000086a00000|  0%| F|  |TAMS 0x0000000086900000| PB 0x0000000086900000| Untracked 
|  38|0x0000000086a00000, 0x0000000086a00000, 0x0000000086b00000|  0%| F|  |TAMS 0x0000000086a00000| PB 0x0000000086a00000| Untracked 
|  39|0x0000000086b00000, 0x0000000086b00000, 0x0000000086c00000|  0%| F|  |TAMS 0x0000000086b00000| PB 0x0000000086b00000| Untracked 
|  40|0x0000000086c00000, 0x0000000086c00000, 0x0000000086d00000|  0%| F|  |TAMS 0x0000000086c00000| PB 0x0000000086c00000| Untracked 
|  41|0x0000000086d00000, 0x0000000086d00000, 0x0000000086e00000|  0%| F|  |TAMS 0x0000000086d00000| PB 0x0000000086d00000| Untracked 
|  42|0x0000000086e00000, 0x0000000086e00000, 0x0000000086f00000|  0%| F|  |TAMS 0x0000000086e00000| PB 0x0000000086e00000| Untracked 
|  43|0x0000000086f00000, 0x0000000086f00000, 0x0000000087000000|  0%| F|  |TAMS 0x0000000086f00000| PB 0x0000000086f00000| Untracked 
|  44|0x0000000087000000, 0x0000000087000000, 0x0000000087100000|  0%| F|  |TAMS 0x0000000087000000| PB 0x0000000087000000| Untracked 
|  45|0x0000000087100000, 0x0000000087100000, 0x0000000087200000|  0%| F|  |TAMS 0x0000000087100000| PB 0x0000000087100000| Untracked 
|  46|0x0000000087200000, 0x0000000087200000, 0x0000000087300000|  0%| F|  |TAMS 0x0000000087200000| PB 0x0000000087200000| Untracked 
|  47|0x0000000087300000, 0x0000000087300000, 0x0000000087400000|  0%| F|  |TAMS 0x0000000087300000| PB 0x0000000087300000| Untracked 
|  48|0x0000000087400000, 0x0000000087400000, 0x0000000087500000|  0%| F|  |TAMS 0x0000000087400000| PB 0x0000000087400000| Untracked 
|  49|0x0000000087500000, 0x0000000087500000, 0x0000000087600000|  0%| F|  |TAMS 0x0000000087500000| PB 0x0000000087500000| Untracked 
|  50|0x0000000087600000, 0x0000000087600000, 0x0000000087700000|  0%| F|  |TAMS 0x0000000087600000| PB 0x0000000087600000| Untracked 
|  51|0x0000000087700000, 0x0000000087700000, 0x0000000087800000|  0%| F|  |TAMS 0x0000000087700000| PB 0x0000000087700000| Untracked 
|  52|0x0000000087800000, 0x0000000087800000, 0x0000000087900000|  0%| F|  |TAMS 0x0000000087800000| PB 0x0000000087800000| Untracked 
|  53|0x0000000087900000, 0x0000000087900000, 0x0000000087a00000|  0%| F|  |TAMS 0x0000000087900000| PB 0x0000000087900000| Untracked 
|  54|0x0000000087a00000, 0x0000000087a00000, 0x0000000087b00000|  0%| F|  |TAMS 0x0000000087a00000| PB 0x0000000087a00000| Untracked 
|  55|0x0000000087b00000, 0x0000000087b00000, 0x0000000087c00000|  0%| F|  |TAMS 0x0000000087b00000| PB 0x0000000087b00000| Untracked 
|  56|0x0000000087c00000, 0x0000000087c00000, 0x0000000087d00000|  0%| F|  |TAMS 0x0000000087c00000| PB 0x0000000087c00000| Untracked 
|  57|0x0000000087d00000, 0x0000000087d00000, 0x0000000087e00000|  0%| F|  |TAMS 0x0000000087d00000| PB 0x0000000087d00000| Untracked 
|  58|0x0000000087e00000, 0x0000000087e00000, 0x0000000087f00000|  0%| F|  |TAMS 0x0000000087e00000| PB 0x0000000087e00000| Untracked 
|  59|0x0000000087f00000, 0x0000000087f00000, 0x0000000088000000|  0%| F|  |TAMS 0x0000000087f00000| PB 0x0000000087f00000| Untracked 
|  60|0x0000000088000000, 0x0000000088000000, 0x0000000088100000|  0%| F|  |TAMS 0x0000000088000000| PB 0x0000000088000000| Untracked 
|  61|0x0000000088100000, 0x0000000088100000, 0x0000000088200000|  0%| F|  |TAMS 0x0000000088100000| PB 0x0000000088100000| Untracked 
|  62|0x0000000088200000, 0x0000000088200000, 0x0000000088300000|  0%| F|  |TAMS 0x0000000088200000| PB 0x0000000088200000| Untracked 
|  63|0x0000000088300000, 0x0000000088300000, 0x0000000088400000|  0%| F|  |TAMS 0x0000000088300000| PB 0x0000000088300000| Untracked 
|  64|0x0000000088400000, 0x0000000088400000, 0x0000000088500000|  0%| F|  |TAMS 0x0000000088400000| PB 0x0000000088400000| Untracked 
|  65|0x0000000088500000, 0x0000000088500000, 0x0000000088600000|  0%| F|  |TAMS 0x0000000088500000| PB 0x0000000088500000| Untracked 
|  66|0x0000000088600000, 0x0000000088600000, 0x0000000088700000|  0%| F|  |TAMS 0x0000000088600000| PB 0x0000000088600000| Untracked 
|  67|0x0000000088700000, 0x0000000088700000, 0x0000000088800000|  0%| F|  |TAMS 0x0000000088700000| PB 0x0000000088700000| Untracked 
|  68|0x0000000088800000, 0x0000000088800000, 0x0000000088900000|  0%| F|  |TAMS 0x0000000088800000| PB 0x0000000088800000| Untracked 
|  69|0x0000000088900000, 0x0000000088900000, 0x0000000088a00000|  0%| F|  |TAMS 0x0000000088900000| PB 0x0000000088900000| Untracked 
|  70|0x0000000088a00000, 0x0000000088a00000, 0x0000000088b00000|  0%| F|  |TAMS 0x0000000088a00000| PB 0x0000000088a00000| Untracked 
|  71|0x0000000088b00000, 0x0000000088b00000, 0x0000000088c00000|  0%| F|  |TAMS 0x0000000088b00000| PB 0x0000000088b00000| Untracked 
|  72|0x0000000088c00000, 0x0000000088c00000, 0x0000000088d00000|  0%| F|  |TAMS 0x0000000088c00000| PB 0x0000000088c00000| Untracked 
|  73|0x0000000088d00000, 0x0000000088d00000, 0x0000000088e00000|  0%| F|  |TAMS 0x0000000088d00000| PB 0x0000000088d00000| Untracked 
|  74|0x0000000088e00000, 0x0000000088e00000, 0x0000000088f00000|  0%| F|  |TAMS 0x0000000088e00000| PB 0x0000000088e00000| Untracked 
|  75|0x0000000088f00000, 0x0000000088f00000, 0x0000000089000000|  0%| F|  |TAMS 0x0000000088f00000| PB 0x0000000088f00000| Untracked 
|  76|0x0000000089000000, 0x0000000089000000, 0x0000000089100000|  0%| F|  |TAMS 0x0000000089000000| PB 0x0000000089000000| Untracked 
|  77|0x0000000089100000, 0x0000000089100000, 0x0000000089200000|  0%| F|  |TAMS 0x0000000089100000| PB 0x0000000089100000| Untracked 
|  78|0x0000000089200000, 0x0000000089200000, 0x0000000089300000|  0%| F|  |TAMS 0x0000000089200000| PB 0x0000000089200000| Untracked 
|  79|0x0000000089300000, 0x0000000089300000, 0x0000000089400000|  0%| F|  |TAMS 0x0000000089300000| PB 0x0000000089300000| Untracked 
|  80|0x0000000089400000, 0x0000000089400000, 0x0000000089500000|  0%| F|  |TAMS 0x0000000089400000| PB 0x0000000089400000| Untracked 
|  81|0x0000000089500000, 0x0000000089500000, 0x0000000089600000|  0%| F|  |TAMS 0x0000000089500000| PB 0x0000000089500000| Untracked 
|  82|0x0000000089600000, 0x0000000089600000, 0x0000000089700000|  0%| F|  |TAMS 0x0000000089600000| PB 0x0000000089600000| Untracked 
|  83|0x0000000089700000, 0x0000000089700000, 0x0000000089800000|  0%| F|  |TAMS 0x0000000089700000| PB 0x0000000089700000| Untracked 
|  84|0x0000000089800000, 0x0000000089800000, 0x0000000089900000|  0%| F|  |TAMS 0x0000000089800000| PB 0x0000000089800000| Untracked 
|  85|0x0000000089900000, 0x0000000089900000, 0x0000000089a00000|  0%| F|  |TAMS 0x0000000089900000| PB 0x0000000089900000| Untracked 
|  86|0x0000000089a00000, 0x0000000089a00000, 0x0000000089b00000|  0%| F|  |TAMS 0x0000000089a00000| PB 0x0000000089a00000| Untracked 
|  87|0x0000000089b00000, 0x0000000089b00000, 0x0000000089c00000|  0%| F|  |TAMS 0x0000000089b00000| PB 0x0000000089b00000| Untracked 
|  88|0x0000000089c00000, 0x0000000089c00000, 0x0000000089d00000|  0%| F|  |TAMS 0x0000000089c00000| PB 0x0000000089c00000| Untracked 
|  89|0x0000000089d00000, 0x0000000089d00000, 0x0000000089e00000|  0%| F|  |TAMS 0x0000000089d00000| PB 0x0000000089d00000| Untracked 
|  90|0x0000000089e00000, 0x0000000089e00000, 0x0000000089f00000|  0%| F|  |TAMS 0x0000000089e00000| PB 0x0000000089e00000| Untracked 
|  91|0x0000000089f00000, 0x0000000089f00000, 0x000000008a000000|  0%| F|  |TAMS 0x0000000089f00000| PB 0x0000000089f00000| Untracked 
|  92|0x000000008a000000, 0x000000008a000000, 0x000000008a100000|  0%| F|  |TAMS 0x000000008a000000| PB 0x000000008a000000| Untracked 
|  93|0x000000008a100000, 0x000000008a100000, 0x000000008a200000|  0%| F|  |TAMS 0x000000008a100000| PB 0x000000008a100000| Untracked 
|  94|0x000000008a200000, 0x000000008a200000, 0x000000008a300000|  0%| F|  |TAMS 0x000000008a200000| PB 0x000000008a200000| Untracked 
|  95|0x000000008a300000, 0x000000008a400000, 0x000000008a400000|100%| S|CS|TAMS 0x000000008a300000| PB 0x000000008a300000| Complete 
|  96|0x000000008a400000, 0x000000008a500000, 0x000000008a500000|100%| S|CS|TAMS 0x000000008a400000| PB 0x000000008a400000| Complete 
|  97|0x000000008a500000, 0x000000008a600000, 0x000000008a600000|100%| S|CS|TAMS 0x000000008a500000| PB 0x000000008a500000| Complete 
|  98|0x000000008a600000, 0x000000008a700000, 0x000000008a700000|100%| S|CS|TAMS 0x000000008a600000| PB 0x000000008a600000| Complete 
|  99|0x000000008a700000, 0x000000008a700000, 0x000000008a800000|  0%| F|  |TAMS 0x000000008a700000| PB 0x000000008a700000| Untracked 
| 100|0x000000008a800000, 0x000000008a800000, 0x000000008a900000|  0%| F|  |TAMS 0x000000008a800000| PB 0x000000008a800000| Untracked 
| 101|0x000000008a900000, 0x000000008a900000, 0x000000008aa00000|  0%| F|  |TAMS 0x000000008a900000| PB 0x000000008a900000| Untracked 
| 102|0x000000008aa00000, 0x000000008aa00000, 0x000000008ab00000|  0%| F|  |TAMS 0x000000008aa00000| PB 0x000000008aa00000| Untracked 
| 103|0x000000008ab00000, 0x000000008ab00000, 0x000000008ac00000|  0%| F|  |TAMS 0x000000008ab00000| PB 0x000000008ab00000| Untracked 
| 104|0x000000008ac00000, 0x000000008acb3458, 0x000000008ad00000| 70%| E|  |TAMS 0x000000008ac00000| PB 0x000000008ac00000| Complete 
| 105|0x000000008ad00000, 0x000000008ae00000, 0x000000008ae00000|100%| E|CS|TAMS 0x000000008ad00000| PB 0x000000008ad00000| Complete 
| 106|0x000000008ae00000, 0x000000008af00000, 0x000000008af00000|100%| E|CS|TAMS 0x000000008ae00000| PB 0x000000008ae00000| Complete 
| 107|0x000000008af00000, 0x000000008b000000, 0x000000008b000000|100%| E|CS|TAMS 0x000000008af00000| PB 0x000000008af00000| Complete 
| 108|0x000000008b000000, 0x000000008b100000, 0x000000008b100000|100%| E|CS|TAMS 0x000000008b000000| PB 0x000000008b000000| Complete 
| 109|0x000000008b100000, 0x000000008b200000, 0x000000008b200000|100%| E|CS|TAMS 0x000000008b100000| PB 0x000000008b100000| Complete 
| 110|0x000000008b200000, 0x000000008b300000, 0x000000008b300000|100%| E|CS|TAMS 0x000000008b200000| PB 0x000000008b200000| Complete 
| 111|0x000000008b300000, 0x000000008b400000, 0x000000008b400000|100%| E|CS|TAMS 0x000000008b300000| PB 0x000000008b300000| Complete 
| 112|0x000000008b400000, 0x000000008b500000, 0x000000008b500000|100%| E|CS|TAMS 0x000000008b400000| PB 0x000000008b400000| Complete 
| 113|0x000000008b500000, 0x000000008b600000, 0x000000008b600000|100%| E|CS|TAMS 0x000000008b500000| PB 0x000000008b500000| Complete 
| 114|0x000000008b600000, 0x000000008b700000, 0x000000008b700000|100%| E|CS|TAMS 0x000000008b600000| PB 0x000000008b600000| Complete 
| 115|0x000000008b700000, 0x000000008b800000, 0x000000008b800000|100%| E|CS|TAMS 0x000000008b700000| PB 0x000000008b700000| Complete 
| 116|0x000000008b800000, 0x000000008b900000, 0x000000008b900000|100%| E|CS|TAMS 0x000000008b800000| PB 0x000000008b800000| Complete 
| 117|0x000000008b900000, 0x000000008ba00000, 0x000000008ba00000|100%| E|CS|TAMS 0x000000008b900000| PB 0x000000008b900000| Complete 
| 118|0x000000008ba00000, 0x000000008bb00000, 0x000000008bb00000|100%| E|CS|TAMS 0x000000008ba00000| PB 0x000000008ba00000| Complete 
| 119|0x000000008bb00000, 0x000000008bc00000, 0x000000008bc00000|100%| E|CS|TAMS 0x000000008bb00000| PB 0x000000008bb00000| Complete 
| 120|0x000000008bc00000, 0x000000008bd00000, 0x000000008bd00000|100%| E|CS|TAMS 0x000000008bc00000| PB 0x000000008bc00000| Complete 
| 121|0x000000008bd00000, 0x000000008be00000, 0x000000008be00000|100%| E|CS|TAMS 0x000000008bd00000| PB 0x000000008bd00000| Complete 
| 122|0x000000008be00000, 0x000000008bf00000, 0x000000008bf00000|100%| E|CS|TAMS 0x000000008be00000| PB 0x000000008be00000| Complete 
| 123|0x000000008bf00000, 0x000000008c000000, 0x000000008c000000|100%| E|CS|TAMS 0x000000008bf00000| PB 0x000000008bf00000| Complete 

Card table byte_map: [0x000002de70db0000,0x000002de71190000] _byte_map_base: 0x000002de7098e000

Marking Bits: (CMBitMap*) 0x000002de5773b2d0
 Bits: [0x000002de71190000, 0x000002de73080000)

Polling page: 0x000002de577b0000

Metaspace:

Usage:
  Non-class:      8.46 MB used.
      Class:      1.25 MB used.
       Both:      9.71 MB used.

Virtual space:
  Non-class space:       64.00 MB reserved,       8.62 MB ( 13%) committed,  1 nodes.
      Class space:        1.00 GB reserved,       1.44 MB ( <1%) committed,  1 nodes.
             Both:        1.06 GB reserved,      10.06 MB ( <1%) committed. 

Chunk freelists:
   Non-Class:  7.36 MB
       Class:  14.56 MB
        Both:  21.92 MB

MaxMetaspaceSize: unlimited
CompressedClassSpaceSize: 1.00 GB
Initial GC threshold: 21.00 MB
Current GC threshold: 21.00 MB
CDS: on
 - commit_granule_bytes: 65536.
 - commit_granule_words: 8192.
 - virtual_space_node_default_size: 8388608.
 - enlarge_chunks_in_place: 1.
 - use_allocation_guard: 0.


Internal statistics:

num_allocs_failed_limit: 0.
num_arena_births: 230.
num_arena_deaths: 0.
num_vsnodes_births: 2.
num_vsnodes_deaths: 0.
num_space_committed: 161.
num_space_uncommitted: 0.
num_chunks_returned_to_freelist: 0.
num_chunks_taken_from_freelist: 512.
num_chunk_merges: 0.
num_chunk_splits: 334.
num_chunks_enlarged: 246.
num_inconsistent_stats: 0.

CodeHeap 'non-profiled nmethods': size=120000Kb used=874Kb max_used=874Kb free=119125Kb
 bounds [0x000002de68e80000, 0x000002de690f0000, 0x000002de703b0000]
CodeHeap 'profiled nmethods': size=120000Kb used=3450Kb max_used=3450Kb free=116550Kb
 bounds [0x000002de613b0000, 0x000002de61710000, 0x000002de688e0000]
CodeHeap 'non-nmethods': size=5760Kb used=1532Kb max_used=1567Kb free=4227Kb
 bounds [0x000002de688e0000, 0x000002de68b50000, 0x000002de68e80000]
 total_blobs=2334 nmethods=1845 adapters=394
 compilation: enabled
              stopped_count=0, restarted_count=0
 full_count=0

Compilation events (20 events):
Event: 9.982 Thread 0x000002de756c1e60 nmethod 1837 0x000002de68f57e10 code [0x000002de68f57fa0, 0x000002de68f58138]
Event: 9.986 Thread 0x000002de756c1e60 1838       4       java.nio.CharBuffer::position (6 bytes)
Event: 9.987 Thread 0x000002de756c1e60 nmethod 1838 0x000002de68f58210 code [0x000002de68f583a0, 0x000002de68f584a0]
Event: 9.993 Thread 0x000002de756c6910 1839 %     3       org.gradle.internal.logging.text.AbstractLineChoppingStyledTextOutput::doAppend @ 10 (43 bytes)
Event: 9.994 Thread 0x000002de756c6910 nmethod 1839% 0x000002de6170d590 code [0x000002de6170d7a0, 0x000002de6170dd08]
Event: 9.994 Thread 0x000002de756c6910 1840       3       org.gradle.internal.logging.text.AbstractLineChoppingStyledTextOutput::doAppend (43 bytes)
Event: 9.995 Thread 0x000002de756c6910 nmethod 1840 0x000002de6170df90 code [0x000002de6170e180, 0x000002de6170e650]
Event: 10.003 Thread 0x000002de756c1e60 1841       4       java.nio.Buffer::limit (65 bytes)
Event: 10.003 Thread 0x000002de756c1e60 nmethod 1841 0x000002de68f58590 code [0x000002de68f58720, 0x000002de68f58840]
Event: 10.004 Thread 0x000002de756c1e60 1842       4       java.nio.Buffer::<init> (105 bytes)
Event: 10.008 Thread 0x000002de756c1e60 nmethod 1842 0x000002de68f58910 code [0x000002de68f58ac0, 0x000002de68f58e48]
Event: 10.008 Thread 0x000002de756c1e60 1843       4       java.nio.ByteBuffer::position (6 bytes)
Event: 10.009 Thread 0x000002de756c1e60 nmethod 1843 0x000002de68f59110 code [0x000002de68f592a0, 0x000002de68f593c0]
Event: 10.020 Thread 0x000002de756c1e60 1844       4       java.nio.HeapCharBuffer::<init> (23 bytes)
Event: 10.024 Thread 0x000002de756c1e60 nmethod 1844 0x000002de68f59510 code [0x000002de68f596c0, 0x000002de68f59ae0]
Event: 10.024 Thread 0x000002de756c1e60 1845       4       java.nio.CharBuffer::<init> (24 bytes)
Event: 10.028 Thread 0x000002de756c1e60 nmethod 1845 0x000002de68f59d90 code [0x000002de68f59f40, 0x000002de68f5a370]
Event: 10.032 Thread 0x000002de756c1e60 1846       4       java.lang.System$2::encodeASCII (11 bytes)
Event: 10.032 Thread 0x000002de756c1e60 nmethod 1846 0x000002de68f5a610 code [0x000002de68f5a7a0, 0x000002de68f5a918]
Event: 10.036 Thread 0x000002de756c1e60 1847       4       org.gradle.internal.logging.text.AbstractLineChoppingStyledTextOutput::doAppend (43 bytes)

GC Heap History (4 events):
Event: 1.028 GC heap before
{Heap before GC invocations=0 (full 0):
 garbage-first heap   total 126976K, used 13312K [0x0000000084400000, 0x0000000100000000)
  region size 1024K, 13 young (13312K), 0 survivors (0K)
 Metaspace       used 1672K, committed 1920K, reserved 1114112K
  class space    used 152K, committed 256K, reserved 1048576K
}
Event: 1.047 GC heap after
{Heap after GC invocations=1 (full 0):
 garbage-first heap   total 126976K, used 1536K [0x0000000084400000, 0x0000000100000000)
  region size 1024K, 2 young (2048K), 2 survivors (2048K)
 Metaspace       used 1672K, committed 1920K, reserved 1114112K
  class space    used 152K, committed 256K, reserved 1048576K
}
Event: 2.472 GC heap before
{Heap before GC invocations=1 (full 0):
 garbage-first heap   total 126976K, used 28160K [0x0000000084400000, 0x0000000100000000)
  region size 1024K, 25 young (25600K), 2 survivors (2048K)
 Metaspace       used 4797K, committed 4992K, reserved 1114112K
  class space    used 623K, committed 768K, reserved 1048576K
}
Event: 2.478 GC heap after
{Heap after GC invocations=2 (full 0):
 garbage-first heap   total 126976K, used 11102K [0x0000000084400000, 0x0000000100000000)
  region size 1024K, 4 young (4096K), 4 survivors (4096K)
 Metaspace       used 4797K, committed 4992K, reserved 1114112K
  class space    used 623K, committed 768K, reserved 1048576K
}

Dll operation events (12 events):
Event: 0.026 Loaded shared library C:\Program Files\Java\jdk-21\bin\java.dll
Event: 0.097 Loaded shared library C:\Program Files\Java\jdk-21\bin\jsvml.dll
Event: 0.139 Loaded shared library C:\Program Files\Java\jdk-21\bin\net.dll
Event: 0.147 Loaded shared library C:\Program Files\Java\jdk-21\bin\nio.dll
Event: 0.160 Loaded shared library C:\Program Files\Java\jdk-21\bin\zip.dll
Event: 0.177 Loaded shared library C:\Program Files\Java\jdk-21\bin\verify.dll
Event: 0.301 Loaded shared library C:\Program Files\Java\jdk-21\bin\jimage.dll
Event: 2.402 Loaded shared library C:\Users\Dell\.gradle\native\c067742578af261105cb4f569cf0c3c89f3d7b1fecec35dd04571415982c5e48\windows-amd64\native-platform.dll
Event: 2.670 Loaded shared library C:\Program Files\Java\jdk-21\bin\management.dll
Event: 2.673 Loaded shared library C:\Program Files\Java\jdk-21\bin\management_ext.dll
Event: 2.952 Loaded shared library C:\Program Files\Java\jdk-21\bin\extnet.dll
Event: 3.044 Loaded shared library C:\Program Files\Java\jdk-21\bin\sunmscapi.dll

Deoptimization events (20 events):
Event: 3.052 Thread 0x000002de574a4070 Uncommon trap: trap_request=0xffffffde fr.pc=0x000002de68ecceb0 relative=0x00000000000008f0
Event: 3.052 Thread 0x000002de574a4070 Uncommon trap: reason=class_check action=maybe_recompile pc=0x000002de68ecceb0 method=java.util.HashMap.putVal(ILjava/lang/Object;Ljava/lang/Object;ZZ)Ljava/lang/Object; @ 203 c2
Event: 3.052 Thread 0x000002de574a4070 DEOPT PACKING pc=0x000002de68ecceb0 sp=0x000000e67a5fb610
Event: 3.052 Thread 0x000002de574a4070 DEOPT UNPACKING pc=0x000002de68937da2 sp=0x000000e67a5fb538 mode 2
Event: 3.052 Thread 0x000002de574a4070 Uncommon trap: trap_request=0xffffffde fr.pc=0x000002de68ecceb0 relative=0x00000000000008f0
Event: 3.052 Thread 0x000002de574a4070 Uncommon trap: reason=class_check action=maybe_recompile pc=0x000002de68ecceb0 method=java.util.HashMap.putVal(ILjava/lang/Object;Ljava/lang/Object;ZZ)Ljava/lang/Object; @ 203 c2
Event: 3.052 Thread 0x000002de574a4070 DEOPT PACKING pc=0x000002de68ecceb0 sp=0x000000e67a5fb610
Event: 3.052 Thread 0x000002de574a4070 DEOPT UNPACKING pc=0x000002de68937da2 sp=0x000000e67a5fb538 mode 2
Event: 3.102 Thread 0x000002de574a4070 Uncommon trap: trap_request=0xffffff45 fr.pc=0x000002de68f1a1dc relative=0x00000000000007dc
Event: 3.102 Thread 0x000002de574a4070 Uncommon trap: reason=unstable_if action=reinterpret pc=0x000002de68f1a1dc method=java.lang.Integer.stringSize(I)I @ 19 c2
Event: 3.102 Thread 0x000002de574a4070 DEOPT PACKING pc=0x000002de68f1a1dc sp=0x000000e67a5fd870
Event: 3.102 Thread 0x000002de574a4070 DEOPT UNPACKING pc=0x000002de68937da2 sp=0x000000e67a5fd780 mode 2
Event: 9.239 Thread 0x000002de574a4070 Uncommon trap: trap_request=0xffffff45 fr.pc=0x000002de68f3adec relative=0x0000000000000c0c
Event: 9.239 Thread 0x000002de574a4070 Uncommon trap: reason=unstable_if action=reinterpret pc=0x000002de68f3adec method=com.esotericsoftware.kryo.io.Input.readUtf8(I)V @ 79 c2
Event: 9.239 Thread 0x000002de574a4070 DEOPT PACKING pc=0x000002de68f3adec sp=0x000000e67a5fdc10
Event: 9.239 Thread 0x000002de574a4070 DEOPT UNPACKING pc=0x000002de68937da2 sp=0x000000e67a5fda78 mode 2
Event: 9.990 Thread 0x000002de7a94eeb0 Uncommon trap: trap_request=0xffffff45 fr.pc=0x000002de68f521f0 relative=0x0000000000003d90
Event: 9.990 Thread 0x000002de7a94eeb0 Uncommon trap: reason=unstable_if action=reinterpret pc=0x000002de68f521f0 method=java.io.BufferedOutputStream.implWrite([BII)V @ 5 c2
Event: 9.992 Thread 0x000002de7a94eeb0 DEOPT PACKING pc=0x000002de68f521f0 sp=0x000000e67bbfecd0
Event: 9.993 Thread 0x000002de7a94eeb0 DEOPT UNPACKING pc=0x000002de68937da2 sp=0x000000e67bbfe670 mode 2

Classes loaded (20 events):
Event: 7.091 Loading class jdk/internal/logger/LazyLoggers$1
Event: 7.091 Loading class jdk/internal/logger/LazyLoggers$1 done
Event: 7.091 Loading class jdk/internal/logger/LazyLoggers$LazyLoggerFactories
Event: 7.091 Loading class jdk/internal/logger/LazyLoggers$LazyLoggerFactories done
Event: 7.091 Loading class jdk/internal/logger/LoggerFinderLoader
Event: 7.092 Loading class jdk/internal/logger/LoggerFinderLoader done
Event: 7.092 Loading class jdk/internal/logger/LoggerFinderLoader$TemporaryLoggerFinder
Event: 7.092 Loading class jdk/internal/logger/LoggerFinderLoader$TemporaryLoggerFinder done
Event: 7.092 Loading class sun/util/logging/internal/LoggingProviderImpl$JULWrapper
Event: 7.092 Loading class sun/util/logging/PlatformLogger$ConfigurableBridge$LoggerConfiguration
Event: 7.092 Loading class sun/util/logging/PlatformLogger$ConfigurableBridge$LoggerConfiguration done
Event: 7.092 Loading class sun/util/logging/internal/LoggingProviderImpl$JULWrapper done
Event: 7.093 Loading class java/io/ObjectInputFilter$Config$BuiltinFilterFactory
Event: 7.093 Loading class java/io/ObjectInputFilter$Config$BuiltinFilterFactory done
Event: 7.093 Loading class jdk/internal/access/JavaObjectInputFilterAccess
Event: 7.093 Loading class jdk/internal/access/JavaObjectInputFilterAccess done
Event: 7.094 Loading class java/lang/System$Logger$Level
Event: 7.094 Loading class java/lang/System$Logger$Level done
Event: 10.004 Loading class java/lang/foreign/MemorySegment
Event: 10.004 Loading class java/lang/foreign/MemorySegment done

Classes unloaded (0 events):
No events

Classes redefined (0 events):
No events

Internal exceptions (20 events):
Event: 2.359 Thread 0x000002de574a4070 Exception <a 'java/lang/NoSuchMethodError'{0x000000008aaf1f40}: 'java.lang.Object java.lang.invoke.DirectMethodHandle$Holder.invokeStatic(java.lang.Object, java.lang.Object, int)'> (0x000000008aaf1f40) 
thrown [s\open\src\hotspot\share\interpreter\linkResolver.cpp, line 773]
Event: 2.361 Thread 0x000002de574a4070 Exception <a 'java/lang/NoSuchMethodError'{0x000000008aafd3c0}: 'void java.lang.invoke.DelegatingMethodHandle$Holder.delegate(java.lang.Object, java.lang.Object, int, java.lang.Object)'> (0x000000008aafd3c0) 
thrown [s\open\src\hotspot\share\interpreter\linkResolver.cpp, line 773]
Event: 2.361 Thread 0x000002de574a4070 Exception <a 'java/lang/NoSuchMethodError'{0x000000008a9012f8}: 'int java.lang.invoke.DirectMethodHandle$Holder.invokeSpecial(java.lang.Object, java.lang.Object, java.lang.Object)'> (0x000000008a9012f8) 
thrown [s\open\src\hotspot\share\interpreter\linkResolver.cpp, line 773]
Event: 2.491 Thread 0x000002de574a4070 Exception <a 'java/lang/NoSuchMethodError'{0x000000008bf44468}: 'java.lang.Object java.lang.invoke.DirectMethodHandle$Holder.newInvokeSpecial(java.lang.Object, java.lang.Object, java.lang.Object, java.lang.Object, java.lang.Object)'> (0x000000008bf44468) 
thrown [s\open\src\hotspot\share\interpreter\linkResolver.cpp, line 773]
Event: 2.510 Thread 0x000002de574a4070 Exception <a 'java/lang/NoSuchMethodError'{0x000000008bfb6be8}: 'java.lang.Object java.lang.invoke.Invokers$Holder.invokeExact_MT(java.lang.Object, java.lang.Object, java.lang.Object, java.lang.Object, java.lang.Object)'> (0x000000008bfb6be8) 
thrown [s\open\src\hotspot\share\interpreter\linkResolver.cpp, line 773]
Event: 2.538 Thread 0x000002de574a4070 Exception <a 'java/lang/NoSuchMethodError'{0x000000008bfebb38}: 'java.lang.Object java.lang.invoke.DirectMethodHandle$Holder.invokeVirtual(java.lang.Object, java.lang.Object, java.lang.Object, java.lang.Object, java.lang.Object, java.lang.Object, java.lang.Object)'> (0x000000008bfebb38) 
thrown [s\open\src\hotspot\share\interpreter\linkResolver.cpp, line 773]
Event: 2.551 Thread 0x000002de574a4070 Exception <a 'java/lang/NoSuchMethodError'{0x000000008be34bf0}: 'java.lang.Object java.lang.invoke.DirectMethodHandle$Holder.invokeVirtual(java.lang.Object, java.lang.Object, java.lang.Object, java.lang.Object)'> (0x000000008be34bf0) 
thrown [s\open\src\hotspot\share\interpreter\linkResolver.cpp, line 773]
Event: 2.579 Thread 0x000002de574a4070 Exception <a 'java/lang/NoSuchMethodError'{0x000000008bd08518}: 'java.lang.Object java.lang.invoke.DirectMethodHandle$Holder.invokeVirtual(java.lang.Object, java.lang.Object, java.lang.Object, java.lang.Object, java.lang.Object, java.lang.Object)'> (0x000000008bd08518) 
thrown [s\open\src\hotspot\share\interpreter\linkResolver.cpp, line 773]
Event: 2.639 Thread 0x000002de574a4070 Implicit null exception at 0x000002de68ef7eba to 0x000002de68ef8124
Event: 2.712 Thread 0x000002de574a4070 Exception <a 'java/lang/NoSuchMethodError'{0x000000008ba4d2d0}: 'int java.lang.invoke.DirectMethodHandle$Holder.invokeVirtual(java.lang.Object, java.lang.Object, java.lang.Object)'> (0x000000008ba4d2d0) 
thrown [s\open\src\hotspot\share\interpreter\linkResolver.cpp, line 773]
Event: 2.760 Thread 0x000002de574a4070 Exception <a 'java/lang/NoSuchMethodError'{0x000000008b9d74b0}: 'java.lang.Object java.lang.invoke.DirectMethodHandle$Holder.invokeVirtual(java.lang.Object, java.lang.Object, java.lang.Object, java.lang.Object, java.lang.Object)'> (0x000000008b9d74b0) 
thrown [s\open\src\hotspot\share\interpreter\linkResolver.cpp, line 773]
Event: 2.762 Thread 0x000002de574a4070 Exception <a 'java/lang/NoSuchMethodError'{0x000000008b9ea0f0}: 'java.lang.Object java.lang.invoke.Invokers$Holder.invokeExact_MT(java.lang.Object, java.lang.Object, java.lang.Object, java.lang.Object, java.lang.Object, java.lang.Object)'> (0x000000008b9ea0f0) 
thrown [s\open\src\hotspot\share\interpreter\linkResolver.cpp, line 773]
Event: 2.782 Thread 0x000002de574a4070 Exception <a 'java/lang/NoSuchMethodError'{0x000000008b8718d8}: 'java.lang.Object java.lang.invoke.DirectMethodHandle$Holder.invokeSpecialIFC(java.lang.Object, java.lang.Object, java.lang.Object, java.lang.Object)'> (0x000000008b8718d8) 
thrown [s\open\src\hotspot\share\interpreter\linkResolver.cpp, line 773]
Event: 2.783 Thread 0x000002de574a4070 Exception <a 'java/lang/NoSuchMethodError'{0x000000008b87aa70}: 'java.lang.Object java.lang.invoke.DirectMethodHandle$Holder.invokeVirtual(java.lang.Object, java.lang.Object, java.lang.Object, java.lang.Object, java.lang.Object, java.lang.Object, java.lang.Object, java.lang.Object)'> (0x000000008b87aa70) 
thrown [s\open\src\hotspot\share\interpreter\linkResolver.cpp, line 773]
Event: 2.878 Thread 0x000002de574a4070 Exception <a 'java/lang/NoSuchMethodError'{0x000000008b55cfc8}: 'java.lang.Object java.lang.invoke.DirectMethodHandle$Holder.invokeStaticInit(java.lang.Object, int, int, int, int)'> (0x000000008b55cfc8) 
thrown [s\open\src\hotspot\share\interpreter\linkResolver.cpp, line 773]
Event: 2.908 Thread 0x000002de574a4070 Exception <a 'java/lang/NoSuchMethodError'{0x000000008b59b4a0}: 'java.lang.Object java.lang.invoke.DirectMethodHandle$Holder.invokeStaticInit(java.lang.Object, java.lang.Object, int, int, int, int)'> (0x000000008b59b4a0) 
thrown [s\open\src\hotspot\share\interpreter\linkResolver.cpp, line 773]
Event: 2.957 Thread 0x000002de574a4070 Exception <a 'java/lang/NoSuchMethodError'{0x000000008b5c4f08}: 'void java.lang.invoke.DirectMethodHandle$Holder.invokeStatic(java.lang.Object, java.lang.Object, java.lang.Object)'> (0x000000008b5c4f08) 
thrown [s\open\src\hotspot\share\interpreter\linkResolver.cpp, line 773]
Event: 3.006 Thread 0x000002de574a4070 Implicit null exception at 0x000002de68ec95a4 to 0x000002de68ec9c70
Event: 3.008 Thread 0x000002de574a4070 Implicit null exception at 0x000002de68ec88a0 to 0x000002de68ec8f5c
Event: 3.013 Thread 0x000002de574a4070 Exception <a 'java/lang/NoSuchMethodError'{0x000000008b4e5760}: 'void java.lang.invoke.DirectMethodHandle$Holder.invokeInterface(java.lang.Object, java.lang.Object, java.lang.Object)'> (0x000000008b4e5760) 
thrown [s\open\src\hotspot\share\interpreter\linkResolver.cpp, line 773]

ZGC Phase Switch (0 events):
No events

VM Operations (20 events):
Event: 2.469 Executing VM operation: HandshakeAllThreads (Deoptimize)
Event: 2.469 Executing VM operation: HandshakeAllThreads (Deoptimize) done
Event: 2.472 Executing VM operation: G1CollectForAllocation (G1 Evacuation Pause)
Event: 2.478 Executing VM operation: G1CollectForAllocation (G1 Evacuation Pause) done
Event: 2.524 Executing VM operation: HandshakeAllThreads (Deoptimize)
Event: 2.524 Executing VM operation: HandshakeAllThreads (Deoptimize) done
Event: 2.700 Executing VM operation: HandshakeAllThreads (Deoptimize)
Event: 2.700 Executing VM operation: HandshakeAllThreads (Deoptimize) done
Event: 2.902 Executing VM operation: HandshakeAllThreads (Deoptimize)
Event: 2.902 Executing VM operation: HandshakeAllThreads (Deoptimize) done
Event: 3.050 Executing VM operation: HandshakeAllThreads (Deoptimize)
Event: 3.050 Executing VM operation: HandshakeAllThreads (Deoptimize) done
Event: 4.061 Executing VM operation: Cleanup
Event: 4.061 Executing VM operation: Cleanup done
Event: 7.099 Executing VM operation: Cleanup
Event: 7.099 Executing VM operation: Cleanup done
Event: 8.109 Executing VM operation: Cleanup
Event: 8.109 Executing VM operation: Cleanup done
Event: 9.122 Executing VM operation: Cleanup
Event: 9.122 Executing VM operation: Cleanup done

Events (17 events):
Event: 0.063 Thread 0x000002de574a4070 Thread added: 0x000002de574a4070
Event: 0.090 Thread 0x000002de756b8ba0 Thread added: 0x000002de756b8ba0
Event: 0.090 Thread 0x000002de756b95f0 Thread added: 0x000002de756b95f0
Event: 0.092 Thread 0x000002de756bb9f0 Thread added: 0x000002de756bb9f0
Event: 0.092 Thread 0x000002de756bc530 Thread added: 0x000002de756bc530
Event: 0.093 Thread 0x000002de756be0c0 Thread added: 0x000002de756be0c0
Event: 0.093 Thread 0x000002de756c0d80 Thread added: 0x000002de756c0d80
Event: 0.093 Thread 0x000002de756c1e60 Thread added: 0x000002de756c1e60
Event: 0.093 Thread 0x000002de756c6910 Thread added: 0x000002de756c6910
Event: 0.128 Thread 0x000002de7592ebc0 Thread added: 0x000002de7592ebc0
Event: 0.131 Thread 0x000002de7593f640 Thread added: 0x000002de7593f640
Event: 1.146 Thread 0x000002de7a05aaa0 Thread added: 0x000002de7a05aaa0
Event: 1.937 Thread 0x000002de7a05aaa0 Thread exited: 0x000002de7a05aaa0
Event: 2.432 Thread 0x000002de7a94eeb0 Thread added: 0x000002de7a94eeb0
Event: 3.066 Thread 0x000002de7abeacc0 Thread added: 0x000002de7abeacc0
Event: 3.577 Thread 0x000002de7abeacc0 Thread exited: 0x000002de7abeacc0
Event: 9.782 Thread 0x000002de7a2990c0 Thread added: 0x000002de7a2990c0


Dynamic libraries:
0x00007ff7a7040000 - 0x00007ff7a7050000 	C:\Program Files\Java\jdk-21\bin\java.exe
0x00007ffe55e80000 - 0x00007ffe560e7000 	C:\WINDOWS\SYSTEM32\ntdll.dll
0x00007ffe55010000 - 0x00007ffe550d9000 	C:\WINDOWS\System32\KERNEL32.DLL
0x00007ffe533f0000 - 0x00007ffe537e1000 	C:\WINDOWS\System32\KERNELBASE.dll
0x00007ffe53ad0000 - 0x00007ffe53c1b000 	C:\WINDOWS\System32\ucrtbase.dll
0x00007ffe2f880000 - 0x00007ffe2f89b000 	C:\Program Files\Java\jdk-21\bin\VCRUNTIME140.dll
0x00007ffe2fa00000 - 0x00007ffe2fa19000 	C:\Program Files\Java\jdk-21\bin\jli.dll
0x00007ffe54430000 - 0x00007ffe544eb000 	C:\WINDOWS\System32\ADVAPI32.dll
0x00007ffe554c0000 - 0x00007ffe55569000 	C:\WINDOWS\System32\msvcrt.dll
0x00007ffe54b40000 - 0x00007ffe54be7000 	C:\WINDOWS\System32\sechost.dll
0x00007ffe54510000 - 0x00007ffe54628000 	C:\WINDOWS\System32\RPCRT4.dll
0x00007ffe54780000 - 0x00007ffe54945000 	C:\WINDOWS\System32\USER32.dll
0x00007ffe538a0000 - 0x00007ffe538c7000 	C:\WINDOWS\System32\win32u.dll
0x00007ffe54400000 - 0x00007ffe5442b000 	C:\WINDOWS\System32\GDI32.dll
0x00007ffe528e0000 - 0x00007ffe52a0b000 	C:\WINDOWS\System32\gdi32full.dll
0x00007ffe53a20000 - 0x00007ffe53ac3000 	C:\WINDOWS\System32\msvcp_win.dll
0x00007ffe37920000 - 0x00007ffe37bb3000 	C:\WINDOWS\WinSxS\amd64_microsoft.windows.common-controls_6595b64144ccf1df_6.0.26100.8037_none_3e092faae333b53b\COMCTL32.dll
0x00007ffe41f00000 - 0x00007ffe41f0b000 	C:\WINDOWS\SYSTEM32\VERSION.dll
0x00007ffe55bf0000 - 0x00007ffe55c21000 	C:\WINDOWS\System32\IMM32.DLL
0x00007ffe2def0000 - 0x00007ffe2defc000 	C:\Program Files\Java\jdk-21\bin\vcruntime140_1.dll
0x00007ffe13290000 - 0x00007ffe1331e000 	C:\Program Files\Java\jdk-21\bin\msvcp140.dll
0x00007ffdba760000 - 0x00007ffdbb47a000 	C:\Program Files\Java\jdk-21\bin\server\jvm.dll
0x00007ffe552e0000 - 0x00007ffe55354000 	C:\WINDOWS\System32\WS2_32.dll
0x00007ffe525c0000 - 0x00007ffe5261e000 	C:\WINDOWS\SYSTEM32\POWRPROF.dll
0x00007ffe46aa0000 - 0x00007ffe46ad5000 	C:\WINDOWS\SYSTEM32\WINMM.dll
0x00007ffe525a0000 - 0x00007ffe525b4000 	C:\WINDOWS\SYSTEM32\UMPDC.dll
0x00007ffe514c0000 - 0x00007ffe514db000 	C:\WINDOWS\SYSTEM32\kernel.appcore.dll
0x00007ffe2dde0000 - 0x00007ffe2ddea000 	C:\Program Files\Java\jdk-21\bin\jimage.dll
0x00007ffe50280000 - 0x00007ffe504c2000 	C:\WINDOWS\SYSTEM32\DBGHELP.DLL
0x00007ffe54c00000 - 0x00007ffe54f82000 	C:\WINDOWS\System32\combase.dll
0x00007ffe546a0000 - 0x00007ffe54777000 	C:\WINDOWS\System32\OLEAUT32.dll
0x00007ffe36f20000 - 0x00007ffe36f5b000 	C:\WINDOWS\SYSTEM32\dbgcore.DLL
0x00007ffe537f0000 - 0x00007ffe53895000 	C:\WINDOWS\System32\bcryptPrimitives.dll
0x00007ffe22dc0000 - 0x00007ffe22ddf000 	C:\Program Files\Java\jdk-21\bin\java.dll
0x00007ffe53c90000 - 0x00007ffe543ef000 	C:\WINDOWS\System32\SHELL32.dll
0x00007ffe52a10000 - 0x00007ffe52b7a000 	C:\WINDOWS\System32\wintypes.dll
0x00007ffe52b80000 - 0x00007ffe533e4000 	C:\WINDOWS\System32\windows.storage.dll
0x00007ffe55ac0000 - 0x00007ffe55bb7000 	C:\WINDOWS\System32\SHCORE.dll
0x00007ffe54630000 - 0x00007ffe54697000 	C:\WINDOWS\System32\shlwapi.dll
0x00007ffe52680000 - 0x00007ffe526a9000 	C:\WINDOWS\SYSTEM32\profapi.dll
0x00007ffde6d20000 - 0x00007ffde6df7000 	C:\Program Files\Java\jdk-21\bin\jsvml.dll
0x00007ffe294b0000 - 0x00007ffe294c0000 	C:\Program Files\Java\jdk-21\bin\net.dll
0x00007ffe42380000 - 0x00007ffe424a7000 	C:\WINDOWS\SYSTEM32\WINHTTP.dll
0x00007ffe51a40000 - 0x00007ffe51aab000 	C:\WINDOWS\system32\mswsock.dll
0x00007ffe1b760000 - 0x00007ffe1b776000 	C:\Program Files\Java\jdk-21\bin\nio.dll
0x00007ffe22da0000 - 0x00007ffe22db8000 	C:\Program Files\Java\jdk-21\bin\zip.dll
0x00007ffe1eb20000 - 0x00007ffe1eb30000 	C:\Program Files\Java\jdk-21\bin\verify.dll
0x00007ffe2df00000 - 0x00007ffe2df27000 	C:\Users\Dell\.gradle\native\c067742578af261105cb4f569cf0c3c89f3d7b1fecec35dd04571415982c5e48\windows-amd64\native-platform.dll
0x00007ffe1b750000 - 0x00007ffe1b75a000 	C:\Program Files\Java\jdk-21\bin\management.dll
0x00007ffe1b740000 - 0x00007ffe1b74b000 	C:\Program Files\Java\jdk-21\bin\management_ext.dll
0x00007ffe54bf0000 - 0x00007ffe54bf8000 	C:\WINDOWS\System32\PSAPI.DLL
0x00007ffe51d50000 - 0x00007ffe51d6b000 	C:\WINDOWS\SYSTEM32\CRYPTSP.dll
0x00007ffe51420000 - 0x00007ffe51459000 	C:\WINDOWS\system32\rsaenh.dll
0x00007ffe51af0000 - 0x00007ffe51b22000 	C:\WINDOWS\SYSTEM32\USERENV.dll
0x00007ffe52650000 - 0x00007ffe5267a000 	C:\WINDOWS\SYSTEM32\bcrypt.dll
0x00007ffe51d40000 - 0x00007ffe51d4c000 	C:\WINDOWS\SYSTEM32\CRYPTBASE.dll
0x00007ffe50e90000 - 0x00007ffe50ec3000 	C:\WINDOWS\SYSTEM32\IPHLPAPI.DLL
0x00007ffe54b30000 - 0x00007ffe54b3a000 	C:\WINDOWS\System32\NSI.dll
0x00007ffe1b680000 - 0x00007ffe1b689000 	C:\Program Files\Java\jdk-21\bin\extnet.dll
0x00007ffe1b670000 - 0x00007ffe1b67e000 	C:\Program Files\Java\jdk-21\bin\sunmscapi.dll
0x00007ffe52760000 - 0x00007ffe528d7000 	C:\WINDOWS\System32\CRYPT32.dll
0x00007ffe51f60000 - 0x00007ffe51f90000 	C:\WINDOWS\SYSTEM32\ncrypt.dll
0x00007ffe51f10000 - 0x00007ffe51f4f000 	C:\WINDOWS\SYSTEM32\NTASN1.dll
0x00007ffe40e80000 - 0x00007ffe40e88000 	C:\WINDOWS\system32\wshunix.dll

dbghelp: loaded successfully - version: 4.0.5 - missing functions: none
symbol engine: initialized successfully - sym options: 0x614 - pdb path: .;C:\Program Files\Java\jdk-21\bin;C:\WINDOWS\SYSTEM32;C:\WINDOWS\WinSxS\amd64_microsoft.windows.common-controls_6595b64144ccf1df_6.0.26100.8037_none_3e092faae333b53b;C:\Program Files\Java\jdk-21\bin\server;C:\Users\Dell\.gradle\native\c067742578af261105cb4f569cf0c3c89f3d7b1fecec35dd04571415982c5e48\windows-amd64

VM Arguments:
jvm_args: -Dorg.gradle.appname=gradlew 
java_command: org.gradle.wrapper.GradleWrapperMain :image_picker_android:dependencies --write-locks
java_class_path (initial): C:\Users\Dell\Desktop\github_repos\FruitSense_New\fruitsense_mobile\android\\gradle\wrapper\gradle-wrapper.jar
Launcher Type: SUN_STANDARD

[Global flags]
     intx CICompilerCount                          = 3                                         {product} {ergonomic}
     uint ConcGCThreads                            = 1                                         {product} {ergonomic}
     uint G1ConcRefinementThreads                  = 4                                         {product} {ergonomic}
   size_t G1HeapRegionSize                         = 1048576                                   {product} {ergonomic}
    uintx GCDrainStackTargetSize                   = 64                                        {product} {ergonomic}
   size_t InitialHeapSize                          = 130023424                                 {product} {ergonomic}
   size_t MarkStackSize                            = 4194304                                   {product} {ergonomic}
   size_t MaxHeapSize                              = 2076180480                                {product} {ergonomic}
   size_t MaxNewSize                               = 1245708288                                {product} {ergonomic}
   size_t MinHeapDeltaBytes                        = 1048576                                   {product} {ergonomic}
   size_t MinHeapSize                              = 8388608                                   {product} {ergonomic}
    uintx NonNMethodCodeHeapSize                   = 5832780                                {pd product} {ergonomic}
    uintx NonProfiledCodeHeapSize                  = 122912730                              {pd product} {ergonomic}
    uintx ProfiledCodeHeapSize                     = 122912730                              {pd product} {ergonomic}
    uintx ReservedCodeCacheSize                    = 251658240                              {pd product} {ergonomic}
     bool SegmentedCodeCache                       = true                                      {product} {ergonomic}
   size_t SoftMaxHeapSize                          = 2076180480                             {manageable} {ergonomic}
     bool UseCompressedOops                        = true                           {product lp64_product} {ergonomic}
     bool UseG1GC                                  = true                                      {product} {ergonomic}
     bool UseLargePagesIndividualAllocation        = false                                  {pd product} {ergonomic}

Logging:
Log output configuration:
 #0: stdout all=warning uptime,level,tags foldmultilines=false
 #1: stderr all=off uptime,level,tags foldmultilines=false

Environment Variables:
CLASSPATH=C:\Users\Dell\Desktop\github_repos\FruitSense_New\fruitsense_mobile\android\\gradle\wrapper\gradle-wrapper.jar
PATH=C:\Users\Dell\AppData\Local\Programs\Microsoft VS Code;C:\Program Files (x86)\VMware\VMware Player\bin\;C:\Program Files\Common Files\Oracle\Java\javapath;C:\Python312\Scripts\;C:\Python312\;C:\WINDOWS\system32;C:\WINDOWS;C:\WINDOWS\System32\Wbem;C:\WINDOWS\System32\WindowsPowerShell\v1.0\;C:\WINDOWS\System32\OpenSSH\;C:\Program Files\Git\cmd;C:\Program Files\Git\mingw64\bin;C:\Program Files\Git\usr\bin;C:\terraform;C:\Users\Dell\eclipse-workspace\WebDriverTest;C:\Program Files (x86)\Microsoft SQL Server\160\Tools\Binn\;C:\Program Files\Microsoft SQL Server\160\Tools\Binn\;C:\Program Files\Microsoft SQL Server\Client SDK\ODBC\170\Tools\Binn\;C:\Program Files\Microsoft SQL Server\160\DTS\Binn\;C:\Program Files (x86)\Microsoft SQL Server\160\DTS\Binn\;C:\Program Files\Microsoft SQL Server\130\DTS\Binn\;C:\Program Files\Microsoft SQL Server\140\DTS\Binn\;C:\Program Files\Microsoft SQL Server\150\DTS\Binn\;C:\Program Files\nodejs\;C:\ProgramData\chocolatey\bin;C:\Program Files (x86)\Windows Kits\10\Windows Performance Toolkit\;C:\Program Files\Java\jdk-21\bin;C:\Users\Dell\AppData\Local\Microsoft\WindowsApps;C:\Users\Dell\AppData\Roaming\npm;C:\Users\Dell\AppData\Local\Programs\mongosh\;C:\flutter\flutter\bin;C:\scanner\sonar-scanner-7.2.0.5079-windows-x64\bin;C:\scanner\sonar-scanner-7.2.0.5079-windows-x64\bin;C:\Users\Dell\AppData\Local\Programs\Microsoft VS Code\bin
USERNAME=Dell
OS=Windows_NT
PROCESSOR_IDENTIFIER=Intel64 Family 6 Model 140 Stepping 1, GenuineIntel
TMP=C:\Users\Dell\AppData\Local\Temp
TEMP=C:\Users\Dell\AppData\Local\Temp




Periodic native trim disabled

---------------  S Y S T E M  ---------------

OS:
 Windows 11 , 64 bit Build 26100 (10.0.26100.7920)
OS uptime: 0 days 16:33 hours
Hyper-V role detected

CPU: total 4 (initial active 4) (2 cores per cpu, 2 threads per core) family 6 model 140 stepping 1 microcode 0xbc, cx8, cmov, fxsr, ht, mmx, 3dnowpref, sse, sse2, sse3, ssse3, sse4.1, sse4.2, popcnt, lzcnt, tsc, tscinvbit, avx, avx2, aes, erms, clmul, bmi1, bmi2, adx, avx512f, avx512dq, avx512cd, avx512bw, avx512vl, sha, fma, vzeroupper, avx512_vpopcntdq, avx512_vpclmulqdq, avx512_vaes, avx512_vnni, clflush, clflushopt, clwb, avx512_vbmi2, avx512_vbmi, hv, rdtscp, rdpid, fsrm, gfni, avx512_bitalg, f16c, cet_ibt, cet_ss, avx512_ifma
Processor Information for all 4 processors :
  Max Mhz: 2995, Current Mhz: 2995, Mhz Limit: 2995

Memory: 4k page, system-wide physical 7914M (741M free)
TotalPageFile size 16053M (AvailPageFile size 4M)
current process WorkingSet (physical memory assigned to process): 112M, peak: 112M
current process commit charge ("private bytes"): 232M, peak: 233M

vm_info: Java HotSpot(TM) 64-Bit Server VM (21.0.7+8-LTS-245) for windows-amd64 JRE (21.0.7+8-LTS-245), built on 2025-02-21T05:11:27Z by "mach5one" with MS VC++ 17.6 (VS2022)

END.
